# JRE version: Java(TM) SE Runtime Environment (8.0_181-b13) (build 1.8.0_181-b13)
# Java VM: Java HotSpot(TM) 64-Bit Server VM (25.181-b13 mixed mode bsd-amd64 compressed oops)
Heap:
 PSYoungGen      total 129024K, used 14140K [0x00000007aab00000, 0x00000007b5c80000, 0x00000007c0000000)
  eden space 98816K, 14% used [0x00000007aab00000,0x00000007ab8cf108,0x00000007b0b80000)
  from space 30208K, 0% used [0x00000007b3080000,0x00000007b3080000,0x00000007b4e00000)
  to   space 37888K, 0% used [0x00000007b0b80000,0x00000007b0b80000,0x00000007b3080000)
 ParOldGen       total 699392K, used 345475K [0x0000000780000000, 0x00000007aab00000, 0x00000007aab00000)
  object space 699392K, 49% used [0x0000000780000000,0x0000000795160f08,0x00000007aab00000)
 Metaspace       used 134532K, capacity 141973K, committed 142424K, reserved 1177600K
  class space    used 12777K, capacity 14561K, committed 14680K, reserved 1048576K
GC Heap History (10 events):
Event: 35858.221 GC heap before
{Heap before GC invocations=798 (full 5):
 PSYoungGen      total 125440K, used 121205K [0x00000007aab00000, 0x00000007b3500000, 0x00000007c0000000)
  eden space 112128K, 100% used [0x00000007aab00000,0x00000007b1880000,0x00000007b1880000)
  from space 13312K, 68% used [0x00000007b2680000,0x00000007b2f5d540,0x00000007b3380000)
  to   space 14336K, 0% used [0x00000007b1880000,0x00000007b1880000,0x00000007b2680000)
 ParOldGen       total 699392K, used 679582K [0x0000000780000000, 0x00000007aab00000, 0x00000007aab00000)
  object space 699392K, 97% used [0x0000000780000000,0x00000007a97a7840,0x00000007aab00000)
 Metaspace       used 133230K, capacity 140793K, committed 140888K, reserved 1175552K
  class space    used 12586K, capacity 14350K, committed 14424K, reserved 1048576K
Event: 35858.232 GC heap after
Heap after GC invocations=798 (full 5):
 PSYoungGen      total 125952K, used 14310K [0x00000007aab00000, 0x00000007b4100000, 0x00000007c0000000)
  eden space 111616K, 0% used [0x00000007aab00000,0x00000007aab00000,0x00000007b1800000)
  from space 14336K, 99% used [0x00000007b1880000,0x00000007b2679860,0x00000007b2680000)
  to   space 20992K, 0% used [0x00000007b2c80000,0x00000007b2c80000,0x00000007b4100000)
 ParOldGen       total 699392K, used 690180K [0x0000000780000000, 0x00000007aab00000, 0x00000007aab00000)
  object space 699392K, 98% used [0x0000000780000000,0x00000007aa201240,0x00000007aab00000)
 Metaspace       used 133230K, capacity 140793K, committed 140888K, reserved 1175552K
  class space    used 12586K, capacity 14350K, committed 14424K, reserved 1048576K
}
Event: 35859.110 GC heap before
{Heap before GC invocations=799 (full 5):
 PSYoungGen      total 125952K, used 125926K [0x00000007aab00000, 0x00000007b4100000, 0x00000007c0000000)
  eden space 111616K, 100% used [0x00000007aab00000,0x00000007b1800000,0x00000007b1800000)
  from space 14336K, 99% used [0x00000007b1880000,0x00000007b2679860,0x00000007b2680000)
  to   space 20992K, 0% used [0x00000007b2c80000,0x00000007b2c80000,0x00000007b4100000)
 ParOldGen       total 699392K, used 690180K [0x0000000780000000, 0x00000007aab00000, 0x00000007aab00000)
  object space 699392K, 98% used [0x0000000780000000,0x00000007aa201240,0x00000007aab00000)
 Metaspace       used 134602K, capacity 142195K, committed 142424K, reserved 1177600K
  class space    used 12794K, capacity 14586K, committed 14680K, reserved 1048576K
Event: 35859.121 GC heap after
Heap after GC invocations=799 (full 5):
 PSYoungGen      total 128000K, used 20977K [0x00000007aab00000, 0x00000007b4980000, 0x00000007c0000000)
  eden space 107008K, 0% used [0x00000007aab00000,0x00000007aab00000,0x00000007b1380000)
  from space 20992K, 99% used [0x00000007b2c80000,0x00000007b40fc550,0x00000007b4100000)
  to   space 25600K, 0% used [0x00000007b1380000,0x00000007b1380000,0x00000007b2c80000)
 ParOldGen       total 699392K, used 693076K [0x0000000780000000, 0x00000007aab00000, 0x00000007aab00000)
  object space 699392K, 99% used [0x0000000780000000,0x00000007aa4d5240,0x00000007aab00000)
 Metaspace       used 134602K, capacity 142195K, committed 142424K, reserved 1177600K
  class space    used 12794K, capacity 14586K, committed 14680K, reserved 1048576K
}
Event: 35861.976 GC heap before
{Heap before GC invocations=800 (full 5):
 PSYoungGen      total 128000K, used 127985K [0x00000007aab00000, 0x00000007b4980000, 0x00000007c0000000)
  eden space 107008K, 100% used [0x00000007aab00000,0x00000007b1380000,0x00000007b1380000)
  from space 20992K, 99% used [0x00000007b2c80000,0x00000007b40fc550,0x00000007b4100000)
  to   space 25600K, 0% used [0x00000007b1380000,0x00000007b1380000,0x00000007b2c80000)
 ParOldGen       total 699392K, used 693076K [0x0000000780000000, 0x00000007aab00000, 0x00000007aab00000)
  object space 699392K, 99% used [0x0000000780000000,0x00000007aa4d5240,0x00000007aab00000)
 Metaspace       used 134603K, capacity 142195K, committed 142424K, reserved 1177600K
  class space    used 12794K, capacity 14586K, committed 14680K, reserved 1048576K
Event: 35861.983 GC heap after
Heap after GC invocations=800 (full 5):
 PSYoungGen      total 132096K, used 25473K [0x00000007aab00000, 0x00000007b4e00000, 0x00000007c0000000)
  eden space 106496K, 0% used [0x00000007aab00000,0x00000007aab00000,0x00000007b1300000)
  from space 25600K, 99% used [0x00000007b1380000,0x00000007b2c60570,0x00000007b2c80000)
  to   space 30208K, 0% used [0x00000007b3080000,0x00000007b3080000,0x00000007b4e00000)
 ParOldGen       total 699392K, used 693492K [0x0000000780000000, 0x00000007aab00000, 0x00000007aab00000)
  object space 699392K, 99% used [0x0000000780000000,0x00000007aa53d240,0x00000007aab00000)
 Metaspace       used 134603K, capacity 142195K, committed 142424K, reserved 1177600K
  class space    used 12794K, capacity 14586K, committed 14680K, reserved 1048576K
}
Event: 35862.735 GC heap before
{Heap before GC invocations=801 (full 5):
 PSYoungGen      total 132096K, used 131969K [0x00000007aab00000, 0x00000007b4e00000, 0x00000007c0000000)
  eden space 106496K, 100% used [0x00000007aab00000,0x00000007b1300000,0x00000007b1300000)
  from space 25600K, 99% used [0x00000007b1380000,0x00000007b2c60570,0x00000007b2c80000)
  to   space 30208K, 0% used [0x00000007b3080000,0x00000007b3080000,0x00000007b4e00000)
 ParOldGen       total 699392K, used 693492K [0x0000000780000000, 0x00000007aab00000, 0x00000007aab00000)
  object space 699392K, 99% used [0x0000000780000000,0x00000007aa53d240,0x00000007aab00000)
 Metaspace       used 134701K, capacity 142291K, committed 142424K, reserved 1177600K
  class space    used 12807K, capacity 14618K, committed 14680K, reserved 1048576K
Event: 35862.751 GC heap after
Heap after GC invocations=801 (full 5):
 PSYoungGen      total 129024K, used 30205K [0x00000007aab00000, 0x00000007b5c80000, 0x00000007c0000000)
  eden space 98816K, 0% used [0x00000007aab00000,0x00000007aab00000,0x00000007b0b80000)
  from space 30208K, 99% used [0x00000007b3080000,0x00000007b4dff4a0,0x00000007b4e00000)
  to   space 37888K, 0% used [0x00000007b0b80000,0x00000007b0b80000,0x00000007b3080000)
 ParOldGen       total 699392K, used 699139K [0x0000000780000000, 0x00000007aab00000, 0x00000007aab00000)
  object space 699392K, 99% used [0x0000000780000000,0x00000007aaac0f00,0x00000007aab00000)
 Metaspace       used 134701K, capacity 142291K, committed 142424K, reserved 1177600K
  class space    used 12807K, capacity 14618K, committed 14680K, reserved 1048576K
}
Event: 35862.751 GC heap before
{Heap before GC invocations=802 (full 6):
 PSYoungGen      total 129024K, used 30205K [0x00000007aab00000, 0x00000007b5c80000, 0x00000007c0000000)
  eden space 98816K, 0% used [0x00000007aab00000,0x00000007aab00000,0x00000007b0b80000)
  from space 30208K, 99% used [0x00000007b3080000,0x00000007b4dff4a0,0x00000007b4e00000)
  to   space 37888K, 0% used [0x00000007b0b80000,0x00000007b0b80000,0x00000007b3080000)
 ParOldGen       total 699392K, used 699139K [0x0000000780000000, 0x00000007aab00000, 0x00000007aab00000)
  object space 699392K, 99% used [0x0000000780000000,0x00000007aaac0f00,0x00000007aab00000)
 Metaspace       used 134701K, capacity 142291K, committed 142424K, reserved 1177600K
  class space    used 12807K, capacity 14618K, committed 14680K, reserved 1048576K
Event: 35863.167 GC heap after
Heap after GC invocations=802 (full 6):
 PSYoungGen      total 129024K, used 0K [0x00000007aab00000, 0x00000007b5c80000, 0x00000007c0000000)
  eden space 98816K, 0% used [0x00000007aab00000,0x00000007aab00000,0x00000007b0b80000)
  from space 30208K, 0% used [0x00000007b3080000,0x00000007b3080000,0x00000007b4e00000)
  to   space 37888K, 0% used [0x00000007b0b80000,0x00000007b0b80000,0x00000007b3080000)
 ParOldGen       total 699392K, used 345475K [0x0000000780000000, 0x00000007aab00000, 0x00000007aab00000)
  object space 699392K, 49% used [0x0000000780000000,0x0000000795160f08,0x00000007aab00000)
 Metaspace       used 134529K, capacity 141973K, committed 142424K, reserved 1177600K
  class space    used 12776K, capacity 14561K, committed 14680K, reserved 1048576K
}

