<?xml version="1.0" encoding="UTF-8" ?>
<testsuites>
  <testsuite errors="7" failures="4" hostname="127.0.0.1" id="0" name="testresults" package="mxunit" tests="78" time="3.801" timestamp="06/28/13 2:36:55 PM">
    <properties>
      <property name="SUPPORTEDLOCALES" value="Chinese (China),Chinese (Hong Kong),Chinese (Taiwan),Dutch (Belgian),Dutch (Standard),English (Australian),English (Canadian),English (New Zealand),English (UK),English (US),French (Belgian),French (Canadian),French (Standard),French (Swiss),German (Austrian),German (Standard),German (Swiss),Italian (Standard),Italian (Swiss),Japanese,Korean,Norwegian (Bokmal),Norwegian (Nynorsk),Portuguese (Brazilian),Portuguese (Standard),Spanish (Mexican),Spanish (Modern),Spanish (Standard),Swedish,ar,ar_AE,ar_BH,ar_DZ,ar_EG,ar_IQ,ar_JO,ar_KW,ar_LB,ar_LY,ar_MA,ar_OM,ar_QA,ar_SA,ar_SD,ar_SY,ar_TN,ar_YE,be,be_BY,bg,bg_BG,ca,ca_ES,cs,cs_CZ,da,da_DK,de,de_AT,de_CH,de_DE,de_LU,el,el_CY,el_GR,en,en_AU,en_CA,en_GB,en_IE,en_IN,en_MT,en_NZ,en_PH,en_SG,en_US,en_ZA,es,es_AR,es_BO,es_CL,es_CO,es_CR,es_DO,es_EC,es_ES,es_GT,es_HN,es_MX,es_NI,es_PA,es_PE,es_PR,es_PY,es_SV,es_US,es_UY,es_VE,et,et_EE,fi,fi_FI,fr,fr_BE,fr_CA,fr_CH,fr_FR,fr_LU,ga,ga_IE,hi_IN,hr,hr_HR,hu,hu_HU,in,in_ID,is,is_IS,it,it_CH,it_IT,iw,iw_IL,ja,ja_JP,ja_JP_JP,ko,ko_KR,lt,lt_LT,lv,lv_LV,mk,mk_MK,ms,ms_MY,mt,mt_MT,nl,nl_BE,nl_NL,no,no_NO,no_NO_NY,pl,pl_PL,pt,pt_BR,pt_PT,ro,ro_RO,ru,ru_RU,sk,sk_SK,sl,sl_SI,sq,sq_AL,sr,sr_BA,sr_CS,sr_ME,sr_RS,sv,sv_SE,th,th_TH,th_TH_TH,tr,tr_TR,uk,uk_UA,vi,vi_VN,zh,zh_CN,zh_HK,zh_SG,zh_TW" />
      <property name="INSTALLKIT" value="Native UNIX" />
      <property name="SERVICETAGATTRIBUTES" value="Complex Data Type...Not Displaying" />
      <property name="PRODUCTNAME" value="ColdFusion Server" />
      <property name="PRODUCTLEVEL" value="Developer" />
      <property name="PRODUCTVERSION" value="9,0,2,282541" />
      <property name="APPSERVER" value="JRun4" />
      <property name="EXPIRATION" value="{ts &apos;2009-10-31 09:19:07&apos;}" />
      <property name="ROOTDIR" value="/Applications/JRun4/servers/cfusion/cfusion-ear/cfusion-war/WEB-INF/cfusion" />
      <property name="ARCH" value="x86_64" />
      <property name="BUILDNUMBER" value="" />
      <property name="VERSION" value="10.8.4" />
      <property name="NAME" value="Mac OS X" />
      <property name="ADDITIONALINFORMATION" value="Mac OS X" />
      <property name="HTTP_USER_AGENT" value="Jakarta Commons-HttpClient/3.1" />
      <property name="WEB_SERVER_API" value="" />
      <property name="PATH_TRANSLATED" value="/Users/lmajano/Sites/contentbox/www/test/resources/HttpAntRunner.cfc" />
      <property name="CONTENT_TYPE" value="" />
      <property name="HTTP_ACCEPT_LANGUAGE" value="" />
      <property name="HTTP_REFERER" value="" />
      <property name="HTTP_ACCEPT" value="" />
      <property name="CERT_SERVER_ISSUER" value="" />
      <property name="CERT_SERVER_SUBJECT" value="" />
      <property name="HTTP_ACCEPT_ENCODING" value="" />
      <property name="SERVER_SOFTWARE" value="Apache/2.2.22 (Unix) PHP/5.3.15 with Suhosin-Patch Resin/3.1.2 JRun/4.0 mod_jk/1.2.32 mod_ssl/2.2.22 OpenSSL/0.9.8x DAV/2 mod_perl/2.0.5 Perl/v5.12.4" />
      <property name="SERVER_NAME" value="cf9contentbox.jfetmac" />
      <property name="CF_TEMPLATE_PATH" value="/Users/lmajano/Sites/contentbox/www/test/resources/HttpAntRunner.cfc" />
      <property name="CERT_FLAGS" value="" />
      <property name="HTTPS_SERVER_ISSUER" value="" />
      <property name="CONTEXT_PATH" value="" />
      <property name="HTTP_COOKIE" value="" />
      <property name="SERVER_PROTOCOL" value="HTTP/1.1" />
      <property name="CERT_SECRETKEYSIZE" value="" />
      <property name="REQUEST_METHOD" value="GET" />
      <property name="HTTPS_SECRETKEYSIZE" value="" />
      <property name="AUTH_PASSWORD" value="" />
      <property name="HTTPS" value="" />
      <property name="CERT_SERIALNUMBER" value="" />
      <property name="CERT_SUBJECT" value="" />
      <property name="SERVER_PORT" value="80" />
      <property name="CERT_KEYSIZE" value="" />
      <property name="SCRIPT_NAME" value="/test/resources/HttpAntRunner.cfc" />
      <property name="REMOTE_ADDR" value="127.0.0.1" />
      <property name="SERVER_PORT_SECURE" value="0" />
      <property name="REMOTE_HOST" value="127.0.0.1" />
      <property name="HTTPS_KEYSIZE" value="" />
      <property name="HTTP_HOST" value="cf9contentbox.jfetmac" />
      <property name="HTTP_CONNECTION" value="" />
      <property name="AUTH_USER" value="" />
      <property name="REMOTE_USER" value="" />
      <property name="PATH_INFO" value="" />
      <property name="QUERY_STRING" value="method=run&amp;type=dir&amp;value=/test/modules/contentbox/unit&amp;recurse=true&amp;excludes=null&amp;packageName=mxunit.testresults&amp;componentPath=test.modules.contentbox.unit" />
      <property name="CERT_ISSUER" value="" />
      <property name="CERT_COOKIE" value="" />
      <property name="HTTPS_SERVER_SUBJECT" value="" />
      <property name="GATEWAY_INTERFACE" value="CGI/1.1" />
      <property name="AUTH_TYPE" value="" />
      <property name="CONTENT_LENGTH" value="" />
      <property name="CFID" value="14426" />
      <property name="CFTOKEN" value="d420c5de2c438185-7F2C1D73-DE6A-F100-D25CC8C218385E57" />
      <property name="COLDBOX_DEBUGMODE_62877F4FB2809868289CA8DF16C15B5A" value="false" />
      <property name="MXUNIT_SUMMARY" value="78,7,4,3801" />
      <property name="CB_REQUESTCONTEXT" value="Complex Data Type...Not Displaying" />
      <property name="__MXUNITINHERITANCETREE__" value="" />
      <property name="APPLICATIONNAME" value="ContentBoxTestingSuite8F3703FF465851034F6D73636A775866" />
      <property name="WIREBOX" value="Complex Data Type...Not Displaying" />
    </properties>
    <testcase classname="test.modules.contentbox.unit.comments.CommentsServiceTest" name="testgetApprovedCommentCount" time="0.01" />
    <testcase classname="test.modules.contentbox.unit.comments.CommentsServiceTest" name="testgetUnApprovedCommentCount" time="0.007">
      <failure message="mxunit test failure"><![CDATA[mxunit test failure at /Users/lmajano/Sites/MyDevelopment/Frameworks/mxunit/framework/Assert.cfc:155 at /Users/lmajano/Sites/MyDevelopment/Frameworks/mxunit/framework/Assert.cfc:377 at /Users/lmajano/Sites/contentbox/www/test/modules/contentbox/unit/comments/CommentsServiceTest.cfc:38 at /Users/lmajano/Sites/MyDevelopment/Frameworks/mxunit/framework/TestCase.cfc:141 at /Users/lmajano/Sites/MyDevelopment/Frameworks/mxunit/framework/decorators/DataProviderDecorator.cfc:31 at /Users/lmajano/Sites/MyDevelopment/Frameworks/mxunit/framework/TestSuiteRunner.cfc:105 at /Users/lmajano/Sites/MyDevelopment/Frameworks/mxunit/framework/TestSuiteRunner.cfc:55 at /Users/lmajano/Sites/MyDevelopment/Frameworks/mxunit/framework/TestSuite.cfc:131 at /Users/lmajano/Sites/MyDevelopment/Frameworks/mxunit/runner/DirectoryTestSuite.cfc:37 at /Users/lmajano/Sites/MyDevelopment/Frameworks/mxunit/runner/HttpAntRunner.cfc:28]]></failure>
    </testcase>
    <testcase classname="test.modules.contentbox.unit.comments.CommentsServiceTest" name="testfindApprovedComments" time="0.033" />
    <testcase classname="test.modules.contentbox.unit.comments.CommentsServiceTest" name="testsearch" time="0.015">
      <failure message="mxunit test failure"><![CDATA[mxunit test failure at /Users/lmajano/Sites/MyDevelopment/Frameworks/mxunit/framework/Assert.cfc:155 at /Users/lmajano/Sites/MyDevelopment/Frameworks/mxunit/framework/Assert.cfc:377 at /Users/lmajano/Sites/contentbox/www/test/modules/contentbox/unit/comments/CommentsServiceTest.cfc:69 at /Users/lmajano/Sites/MyDevelopment/Frameworks/mxunit/framework/TestCase.cfc:141 at /Users/lmajano/Sites/MyDevelopment/Frameworks/mxunit/framework/decorators/DataProviderDecorator.cfc:31 at /Users/lmajano/Sites/MyDevelopment/Frameworks/mxunit/framework/TestSuiteRunner.cfc:105 at /Users/lmajano/Sites/MyDevelopment/Frameworks/mxunit/framework/TestSuiteRunner.cfc:55 at /Users/lmajano/Sites/MyDevelopment/Frameworks/mxunit/framework/TestSuite.cfc:131 at /Users/lmajano/Sites/MyDevelopment/Frameworks/mxunit/runner/DirectoryTestSuite.cfc:37 at /Users/lmajano/Sites/MyDevelopment/Frameworks/mxunit/runner/HttpAntRunner.cfc:28]]></failure>
    </testcase>
    <testcase classname="test.modules.contentbox.unit.content.BaseContentTest" name="testAddExpiredTime" time="0.005" />
    <testcase classname="test.modules.contentbox.unit.content.BaseContentTest" name="testcanCacheContent" time="0.056" />
    <testcase classname="test.modules.contentbox.unit.content.BaseContentTest" name="testaddPublishedTime" time="0.005" />
    <testcase classname="test.modules.contentbox.unit.content.BaseContentTest" name="testbuildContentCacheKey" time="0.018" />
    <testcase classname="test.modules.contentbox.unit.content.ContentVersionServiceTest" name="testfindRelatedVersions" time="0.028" />
    <testcase classname="test.modules.contentbox.unit.content.CustomHTMLServiceTest" name="testsearch" time="0.016" />
    <testcase classname="test.modules.contentbox.unit.content.EntryServiceTest" name="testFindPublishedEntriesByDate" time="0.047" />
    <testcase classname="test.modules.contentbox.unit.content.EntryServiceTest" name="testfindPublishedEntries" time="0.03" />
    <testcase classname="test.modules.contentbox.unit.content.EntryServiceTest" name="testGetIDBySlug" time="0.01" />
    <testcase classname="test.modules.contentbox.unit.content.EntryServiceTest" name="testgetArchivesReport" time="0.011" />
    <testcase classname="test.modules.contentbox.unit.content.EntryServiceTest" name="testFindBySlug" time="0.021" />
    <testcase classname="test.modules.contentbox.unit.content.EntryServiceTest" name="testSearch" time="0.022">
      <failure message="mxunit test failure"><![CDATA[mxunit test failure at /Users/lmajano/Sites/MyDevelopment/Frameworks/mxunit/framework/Assert.cfc:155 at /Users/lmajano/Sites/MyDevelopment/Frameworks/mxunit/framework/Assert.cfc:377 at /Users/lmajano/Sites/contentbox/www/test/modules/contentbox/unit/content/EntryServiceTest.cfc:54 at /Users/lmajano/Sites/MyDevelopment/Frameworks/mxunit/framework/TestCase.cfc:141 at /Users/lmajano/Sites/MyDevelopment/Frameworks/mxunit/framework/decorators/DataProviderDecorator.cfc:31 at /Users/lmajano/Sites/MyDevelopment/Frameworks/mxunit/framework/TestSuiteRunner.cfc:105 at /Users/lmajano/Sites/MyDevelopment/Frameworks/mxunit/framework/TestSuiteRunner.cfc:55 at /Users/lmajano/Sites/MyDevelopment/Frameworks/mxunit/framework/TestSuite.cfc:131 at /Users/lmajano/Sites/MyDevelopment/Frameworks/mxunit/runner/DirectoryTestSuite.cfc:37 at /Users/lmajano/Sites/MyDevelopment/Frameworks/mxunit/runner/HttpAntRunner.cfc:28]]></failure>
    </testcase>
    <testcase classname="test.modules.contentbox.unit.content.PageServiceTest" name="testGetIDBySlug" time="0.089" />
    <testcase classname="test.modules.contentbox.unit.content.PageServiceTest" name="testFindBySlug" time="0.019" />
    <testcase classname="test.modules.contentbox.unit.content.PageServiceTest" name="testfindPublishedPages" time="0.051" />
    <testcase classname="test.modules.contentbox.unit.content.PageServiceTest" name="testSearch" time="0.025">
      <failure message="mxunit test failure"><![CDATA[mxunit test failure at /Users/lmajano/Sites/MyDevelopment/Frameworks/mxunit/framework/Assert.cfc:155 at /Users/lmajano/Sites/MyDevelopment/Frameworks/mxunit/framework/Assert.cfc:377 at /Users/lmajano/Sites/contentbox/www/test/modules/contentbox/unit/content/PageServiceTest.cfc:45 at /Users/lmajano/Sites/MyDevelopment/Frameworks/mxunit/framework/TestCase.cfc:141 at /Users/lmajano/Sites/MyDevelopment/Frameworks/mxunit/framework/decorators/DataProviderDecorator.cfc:31 at /Users/lmajano/Sites/MyDevelopment/Frameworks/mxunit/framework/TestSuiteRunner.cfc:105 at /Users/lmajano/Sites/MyDevelopment/Frameworks/mxunit/framework/TestSuiteRunner.cfc:55 at /Users/lmajano/Sites/MyDevelopment/Frameworks/mxunit/framework/TestSuite.cfc:131 at /Users/lmajano/Sites/MyDevelopment/Frameworks/mxunit/runner/DirectoryTestSuite.cfc:37 at /Users/lmajano/Sites/MyDevelopment/Frameworks/mxunit/runner/HttpAntRunner.cfc:28]]></failure>
    </testcase>
    <testcase classname="test.modules.contentbox.unit.media.MediaServiceTest" name="testGetDefaultProvider" time="0.018" />
    <testcase classname="test.modules.contentbox.unit.media.MediaServiceTest" name="testUnRegisterProvider" time="0.02">
      <error message="Expression"><![CDATA[Complex object types cannot be converted to simple values. at /Users/lmajano/Sites/contentbox/www/modules/contentbox/model/media/MediaService.cfc:87 at /Users/lmajano/Sites/contentbox/www/test/modules/contentbox/unit/media/MediaServiceTest.cfc:58 at /Users/lmajano/Sites/MyDevelopment/Frameworks/mxunit/framework/TestCase.cfc:141 at /Users/lmajano/Sites/MyDevelopment/Frameworks/mxunit/framework/decorators/DataProviderDecorator.cfc:31 at /Users/lmajano/Sites/MyDevelopment/Frameworks/mxunit/framework/TestSuiteRunner.cfc:105 at /Users/lmajano/Sites/MyDevelopment/Frameworks/mxunit/framework/TestSuiteRunner.cfc:55 at /Users/lmajano/Sites/MyDevelopment/Frameworks/mxunit/framework/TestSuite.cfc:131 at /Users/lmajano/Sites/MyDevelopment/Frameworks/mxunit/runner/DirectoryTestSuite.cfc:37 at /Users/lmajano/Sites/MyDevelopment/Frameworks/mxunit/runner/HttpAntRunner.cfc:28]]></error>
    </testcase>
    <testcase classname="test.modules.contentbox.unit.media.MediaServiceTest" name="testGetRegisteredProvidersMap" time="0.018" />
    <testcase classname="test.modules.contentbox.unit.media.MediaServiceTest" name="testGetRegisteredProviders" time="0.022" />
    <testcase classname="test.modules.contentbox.unit.media.MediaServiceTest" name="testGetCoreMediaRoot" time="0.024" />
    <testcase classname="test.modules.contentbox.unit.media.MediaServiceTest" name="testRegisterProvider" time="0.017" />
    <testcase classname="test.modules.contentbox.unit.media.MediaServiceTest" name="testGetProvider" time="0.017" />
    <testcase classname="test.modules.contentbox.unit.media.MediaServiceTest" name="testGetDefaultProviderName" time="0.019" />
    <testcase classname="test.modules.contentbox.unit.modules.ModuleServiceTest" name="testFindModules" time="0.009" />
    <testcase classname="test.modules.contentbox.unit.modules.ModuleServiceTest" name="testPopulateModule" time="0.005" />
    <testcase classname="test.modules.contentbox.unit.modules.ModuleTest" name="test" time="0.004" />
    <testcase classname="test.modules.contentbox.unit.rss.RSSServiceTest" name="testBuildEntryFeed" time="0.085">
      <error message="Expression"><![CDATA[Variable INTERCEPTORSERVICE is undefined. at /Users/lmajano/Sites/contentbox/www/modules/contentbox/model/content/ContentVersion.cfc:146 at /Users/lmajano/Sites/contentbox/www/modules/contentbox/model/rss/RSSService.cfc:211 at /Users/lmajano/Sites/MyDevelopment/Frameworks/mxunit/framework/generated/buildEntryFeed_7F2C7E43-E622-A3FC-02694EE6B8C89CD4.cfc:6 at /Users/lmajano/Sites/contentbox/www/test/modules/contentbox/unit/rss/RSSServiceTest.cfc:107 at /Users/lmajano/Sites/MyDevelopment/Frameworks/mxunit/framework/TestCase.cfc:141 at /Users/lmajano/Sites/MyDevelopment/Frameworks/mxunit/framework/decorators/DataProviderDecorator.cfc:31 at /Users/lmajano/Sites/MyDevelopment/Frameworks/mxunit/framework/TestSuiteRunner.cfc:105 at /Users/lmajano/Sites/MyDevelopment/Frameworks/mxunit/framework/TestSuiteRunner.cfc:55 at /Users/lmajano/Sites/MyDevelopment/Frameworks/mxunit/framework/TestSuite.cfc:131 at /Users/lmajano/Sites/MyDevelopment/Frameworks/mxunit/runner/DirectoryTestSuite.cfc:37 at /Users/lmajano/Sites/MyDevelopment/Frameworks/mxunit/runner/HttpAntRunner.cfc:28]]></error>
    </testcase>
    <testcase classname="test.modules.contentbox.unit.rss.RSSServiceTest" name="testBuildCommentFeed" time="0.095" />
    <testcase classname="test.modules.contentbox.unit.rss.RSSServiceTest" name="testbuildPageFeed" time="0.055">
      <error message="Expression"><![CDATA[Variable INTERCEPTORSERVICE is undefined. at /Users/lmajano/Sites/contentbox/www/modules/contentbox/model/content/ContentVersion.cfc:146 at /Users/lmajano/Sites/contentbox/www/modules/contentbox/model/rss/RSSService.cfc:270 at /Users/lmajano/Sites/MyDevelopment/Frameworks/mxunit/framework/generated/buildPageFeed_7F2C8437-9A2A-4CD2-42F92C19EC0A0198.cfc:6 at /Users/lmajano/Sites/contentbox/www/test/modules/contentbox/unit/rss/RSSServiceTest.cfc:125 at /Users/lmajano/Sites/MyDevelopment/Frameworks/mxunit/framework/TestCase.cfc:141 at /Users/lmajano/Sites/MyDevelopment/Frameworks/mxunit/framework/decorators/DataProviderDecorator.cfc:31 at /Users/lmajano/Sites/MyDevelopment/Frameworks/mxunit/framework/TestSuiteRunner.cfc:105 at /Users/lmajano/Sites/MyDevelopment/Frameworks/mxunit/framework/TestSuiteRunner.cfc:55 at /Users/lmajano/Sites/MyDevelopment/Frameworks/mxunit/framework/TestSuite.cfc:131 at /Users/lmajano/Sites/MyDevelopment/Frameworks/mxunit/runner/DirectoryTestSuite.cfc:37 at /Users/lmajano/Sites/MyDevelopment/Frameworks/mxunit/runner/HttpAntRunner.cfc:28]]></error>
    </testcase>
    <testcase classname="test.modules.contentbox.unit.rss.RSSServiceTest" name="testGetRSS" time="0.05" />
    <testcase classname="test.modules.contentbox.unit.rss.RSSServiceTest" name="testBuildContentFeed" time="0.041">
      <error message="Expression"><![CDATA[Element buildContentFeed is undefined in a CFML structure referenced as part of an expression. at /Users/lmajano/Sites/contentbox/www/coldbox/system/testing/stubs/7F2C8689-A4C2-05F1-90CDB6DE6D39FBA0.cfm:19 at /Users/lmajano/Sites/MyDevelopment/Frameworks/mxunit/framework/generated/buildContentFeed_7F2C8856-02E0-48D6-B84AD6AFF0CA26B0.cfc:6 at /Users/lmajano/Sites/contentbox/www/test/modules/contentbox/unit/rss/RSSServiceTest.cfc:88 at /Users/lmajano/Sites/MyDevelopment/Frameworks/mxunit/framework/TestCase.cfc:141 at /Users/lmajano/Sites/MyDevelopment/Frameworks/mxunit/framework/decorators/DataProviderDecorator.cfc:31 at /Users/lmajano/Sites/MyDevelopment/Frameworks/mxunit/framework/TestSuiteRunner.cfc:105 at /Users/lmajano/Sites/MyDevelopment/Frameworks/mxunit/framework/TestSuiteRunner.cfc:55 at /Users/lmajano/Sites/MyDevelopment/Frameworks/mxunit/framework/TestSuite.cfc:131 at /Users/lmajano/Sites/MyDevelopment/Frameworks/mxunit/runner/DirectoryTestSuite.cfc:37 at /Users/lmajano/Sites/MyDevelopment/Frameworks/mxunit/runner/HttpAntRunner.cfc:28]]></error>
    </testcase>
    <testcase classname="test.modules.contentbox.unit.search.DBSearchTest" name="testRenderSearch" time="0.02" />
    <testcase classname="test.modules.contentbox.unit.search.DBSearchTest" name="testRenderSearchWithResults" time="0.024" />
    <testcase classname="test.modules.contentbox.unit.search.DBSearchTest" name="testSearch" time="0.307" />
    <testcase classname="test.modules.contentbox.unit.search.SearchResultsTest" name="testPopulate" time="0.007" />
    <testcase classname="test.modules.contentbox.unit.search.SearchResultsTest" name="testMemento" time="0.004" />
    <testcase classname="test.modules.contentbox.unit.search.SearchServiceTest" name="testGetSearchAdapter" time="0.069" />
    <testcase classname="test.modules.contentbox.unit.security.AuthorTest" name="testGetPreference" time="0.016" />
    <testcase classname="test.modules.contentbox.unit.security.AuthorTest" name="testGetDisplayCreateDate" time="0.007" />
    <testcase classname="test.modules.contentbox.unit.security.AuthorTest" name="testIsLoaded" time="0.005" />
    <testcase classname="test.modules.contentbox.unit.security.AuthorTest" name="testSetPreference" time="0.004" />
    <testcase classname="test.modules.contentbox.unit.security.AuthorTest" name="testGetSetAllPreferences" time="0.005" />
    <testcase classname="test.modules.contentbox.unit.security.AuthorTest" name="testgetDisplayLastLogin" time="0.005" />
    <testcase classname="test.modules.contentbox.unit.security.SecurityRuleServiceTest" name="testgetSecurityRules" time="0.076" />
    <testcase classname="test.modules.contentbox.unit.security.SecurityRuleServiceTest" name="testSaveRule" time="0.021" />
    <testcase classname="test.modules.contentbox.unit.security.SecurityRuleServiceTest" name="testGetMaxORder" time="0.008" />
    <testcase classname="test.modules.contentbox.unit.security.SecurityRuleServiceTest" name="testGetNextMaxORder" time="0.006" />
    <testcase classname="test.modules.contentbox.unit.security.SecurityServiceTest" name="testEncryptIt" time="0.036" />
    <testcase classname="test.modules.contentbox.unit.security.SecurityServiceTest" name="testGetRememberMe" time="0.051" />
    <testcase classname="test.modules.contentbox.unit.security.SecurityServiceTest" name="testGetEncryptionKey" time="0.059" />
    <testcase classname="test.modules.contentbox.unit.security.SecurityServiceTest" name="testDecryptIt" time="0.035" />
    <testcase classname="test.modules.contentbox.unit.security.SecurityServiceTest" name="testSetRememberMe" time="0.036" />
    <testcase classname="test.modules.contentbox.unit.system.NotificationServiceTest" name="testConfigure" time="0.053">
      <error message="Application"><![CDATA[The method getPlugin was not found in component /Users/lmajano/Sites/contentbox/www/coldbox/system/testing/mock/web/MockController.cfc. at /Users/lmajano/Sites/contentbox/www/coldbox/system/FrameworkSupertype.cfc:78 at /Users/lmajano/Sites/contentbox/www/coldbox/system/testing/MockBox.cfc:476 at /Users/lmajano/Sites/contentbox/www/coldbox/system/testing/stubs/7F2CAC0F-08AB-3801-B7B0237E2BF5317B.cfm:10 at /Users/lmajano/Sites/contentbox/www/coldbox/system/Interceptor.cfc:28 at /Users/lmajano/Sites/contentbox/www/coldbox/system/testing/BaseInterceptorTest.cfc:61 at /Users/lmajano/Sites/contentbox/www/test/modules/contentbox/unit/system/NotificationServiceTest.cfc:36 at /Users/lmajano/Sites/MyDevelopment/Frameworks/mxunit/framework/TestDecorator.cfc:44 at /Users/lmajano/Sites/MyDevelopment/Frameworks/mxunit/framework/TestSuiteRunner.cfc:103 at /Users/lmajano/Sites/MyDevelopment/Frameworks/mxunit/framework/TestSuiteRunner.cfc:55 at /Users/lmajano/Sites/MyDevelopment/Frameworks/mxunit/framework/TestSuite.cfc:131 at /Users/lmajano/Sites/MyDevelopment/Frameworks/mxunit/runner/DirectoryTestSuite.cfc:37 at /Users/lmajano/Sites/MyDevelopment/Frameworks/mxunit/runner/HttpAntRunner.cfc:28]]></error>
    </testcase>
    <testcase classname="test.modules.contentbox.unit.system.SettingServiceTest" name="testgetAllSettings" time="0.013" />
    <testcase classname="test.modules.contentbox.unit.system.SettingServiceTest" name="testFlushSettingsCache" time="0.015" />
    <testcase classname="test.modules.contentbox.unit.ui.AdminMenuServiceTest" name="testgenerateMenu" time="0.022">
      <error message="Application"><![CDATA[The COLDBOX parameter to the init function is required but was not passed in. at /Users/lmajano/Sites/contentbox/www/test/modules/contentbox/unit/ui/AdminMenuServiceTest.cfc:15 at /Users/lmajano/Sites/MyDevelopment/Frameworks/mxunit/framework/TestDecorator.cfc:44 at /Users/lmajano/Sites/MyDevelopment/Frameworks/mxunit/framework/TestSuiteRunner.cfc:103 at /Users/lmajano/Sites/MyDevelopment/Frameworks/mxunit/framework/TestSuiteRunner.cfc:55 at /Users/lmajano/Sites/MyDevelopment/Frameworks/mxunit/framework/TestSuite.cfc:131 at /Users/lmajano/Sites/MyDevelopment/Frameworks/mxunit/runner/DirectoryTestSuite.cfc:37 at /Users/lmajano/Sites/MyDevelopment/Frameworks/mxunit/runner/HttpAntRunner.cfc:28]]></error>
    </testcase>
    <testcase classname="test.modules.contentbox.unit.ui.LayoutServiceTest" name="testgetThemeSearchLayout" time="0.019" />
    <testcase classname="test.modules.contentbox.unit.ui.LayoutServiceTest" name="testgetThemeMaintenanceLayout" time="0.02" />
    <testcase classname="test.modules.contentbox.unit.ui.LayoutServiceTest" name="testRemoveLayout" time="0.025" />
    <testcase classname="test.modules.contentbox.unit.ui.LayoutServiceTest" name="testOnDIComplete" time="0.012" />
    <testcase classname="test.modules.contentbox.unit.ui.LayoutServiceTest" name="testthemeMaintenanceViewExists" time="0.02" />
    <testcase classname="test.modules.contentbox.unit.ui.LayoutServiceTest" name="testBuildLayoutRegistry" time="0.074" />
    <testcase classname="test.modules.contentbox.unit.ui.editors.CKEditorTest" name="testCompileJS" time="0.049">
      <error message="Application"><![CDATA[The SETTINGSERVICE parameter to the init function is required but was not passed in. at /Users/lmajano/Sites/contentbox/www/test/modules/contentbox/unit/ui/editors/CKEditorTest.cfc:26 at /Users/lmajano/Sites/MyDevelopment/Frameworks/mxunit/framework/TestDecorator.cfc:44 at /Users/lmajano/Sites/MyDevelopment/Frameworks/mxunit/framework/TestSuiteRunner.cfc:103 at /Users/lmajano/Sites/MyDevelopment/Frameworks/mxunit/framework/TestSuiteRunner.cfc:55 at /Users/lmajano/Sites/MyDevelopment/Frameworks/mxunit/framework/TestSuite.cfc:131 at /Users/lmajano/Sites/MyDevelopment/Frameworks/mxunit/runner/DirectoryTestSuite.cfc:37 at /Users/lmajano/Sites/MyDevelopment/Frameworks/mxunit/runner/HttpAntRunner.cfc:28]]></error>
    </testcase>
    <testcase classname="test.modules.contentbox.unit.ui.editors.EditAreaEditorTest" name="testStartup" time="0.059" />
    <testcase classname="test.modules.contentbox.unit.ui.editors.EditorServiceTest" name="testUnregisterEditor" time="0.012" />
    <testcase classname="test.modules.contentbox.unit.ui.editors.EditorServiceTest" name="testGetRegisteredEditors" time="0.011" />
    <testcase classname="test.modules.contentbox.unit.ui.editors.EditorServiceTest" name="testGetRegisteredEditorsMap" time="0.028" />
    <testcase classname="test.modules.contentbox.unit.ui.editors.EditorServiceTest" name="testregisterEditor" time="0.019" />
    <testcase classname="test.modules.contentbox.unit.updates.UpdateServiceTest" name="testdownloadPatch" time="0.297" />
    <testcase classname="test.modules.contentbox.unit.updates.UpdateServiceTest" name="testBuildUpdater" time="0.017" />
    <testcase classname="test.modules.contentbox.unit.updates.UpdateServiceTest" name="testPath" time="0.005" />
    <testcase classname="test.modules.contentbox.unit.updates.UpdateServiceTest" name="testProcessUpdates" time="0.015" />
    <testcase classname="test.modules.contentbox.unit.updates.UpdateServiceTest" name="testProcessRemovals" time="0.009" />
  </testsuite>
</testsuites>
